<?xml version="1.0" encoding="UTF-8"?>
<!-- Generated by org.testng.reporters.JUnitReportReporter -->
<testsuite skipped="0" hostname="DESKTOP-OVFIP9V" name="com.enix.testcases.TC_LOGINPAGE" tests="1" failures="0" timestamp="2023-03-08T17:23:42 IST" time="26.043" errors="0">
  <testcase name="VerifyLogin" time="26.043" classname="com.enix.testcases.TC_LOGINPAGE"/>
  <system-out/>
</testsuite> <!-- com.enix.testcases.TC_LOGINPAGE -->
