<?xml version="1.0" encoding="UTF-8"?>
<!-- Generated by org.testng.reporters.JUnitReportReporter -->
<testsuite skipped="0" hostname="DESKTOP-OVFIP9V" name="com.enix.testcases.TC_LOGINPAGE" tests="1" failures="0" timestamp="2023-03-30T15:05:58 IST" time="28.532" errors="0">
  <testcase name="Operation" time="28.532" classname="com.enix.testcases.TC_LOGINPAGE"/>
  <system-out/>
</testsuite> <!-- com.enix.testcases.TC_LOGINPAGE -->
