<?xml version="1.0" encoding="UTF-8"?>
<!-- Generated by org.testng.reporters.JUnitReportReporter -->
<testsuite skipped="0" hostname="DESKTOP-OVFIP9V" name="com.enix.utilities.Soft_Assert" tests="2" failures="0" timestamp="2023-03-17T12:49:13 IST" time="50.549" errors="0">
  <testcase name="login" time="50.532" classname="com.enix.utilities.Soft_Assert"/>
  <system-out/>
  <testcase name="Soft_Assert" time="0.017" classname="com.enix.utilities.Soft_Assert"/>
  <system-out>
    <![CDATA[HRM
Global page error]]>
  </system-out>
</testsuite> <!-- com.enix.utilities.Soft_Assert -->
